<?xml version="1.0" encoding="UTF-8"?>
<testng-results ignored="0" total="5" passed="5" failed="0" skipped="0">
  <reporter-output>
  </reporter-output>
  <suite started-at="2022-11-20T20:07:10 IST" name="Default suite" finished-at="2022-11-20T20:08:13 IST" duration-ms="62954">
    <groups>
    </groups>
    <test started-at="2022-11-20T20:07:10 IST" name="Default test" finished-at="2022-11-20T20:08:13 IST" duration-ms="62954">
      <class name="org.annotation.Adactin_TestNG_Annotation">
        <test-method is-config="true" signature="Sessioncreate()[pri:0, instance:org.annotation.Adactin_TestNG_Annotation@2098d37d]" started-at="2022-11-20T20:07:11 IST" name="Sessioncreate" finished-at="2022-11-20T20:07:53 IST" duration-ms="42572" status="PASS">
          <reporter-output>
          </reporter-output>
        </test-method> <!-- Sessioncreate -->
        <test-method signature="signinadactin()[pri:-3, instance:org.annotation.Adactin_TestNG_Annotation@2098d37d]" started-at="2022-11-20T20:07:53 IST" name="signinadactin" finished-at="2022-11-20T20:08:02 IST" duration-ms="8494" status="PASS">
          <reporter-output>
          </reporter-output>
        </test-method> <!-- signinadactin -->
        <test-method signature="selecthotel()[pri:-2, instance:org.annotation.Adactin_TestNG_Annotation@2098d37d]" started-at="2022-11-20T20:08:02 IST" name="selecthotel" finished-at="2022-11-20T20:08:08 IST" depends-on-methods="org.annotation.Adactin_TestNG_Annotation.signinadactin" duration-ms="5799" status="PASS">
          <reporter-output>
          </reporter-output>
        </test-method> <!-- selecthotel -->
        <test-method signature="bookhotel()[pri:-1, instance:org.annotation.Adactin_TestNG_Annotation@2098d37d]" started-at="2022-11-20T20:08:08 IST" name="bookhotel" finished-at="2022-11-20T20:08:10 IST" duration-ms="2431" status="PASS">
          <reporter-output>
          </reporter-output>
        </test-method> <!-- bookhotel -->
        <test-method signature="liteneary()[pri:0, instance:org.annotation.Adactin_TestNG_Annotation@2098d37d]" started-at="2022-11-20T20:08:10 IST" name="liteneary" finished-at="2022-11-20T20:08:12 IST" duration-ms="1682" status="PASS">
          <reporter-output>
          </reporter-output>
        </test-method> <!-- liteneary -->
        <test-method signature="log()[pri:1, instance:org.annotation.Adactin_TestNG_Annotation@2098d37d]" started-at="2022-11-20T20:08:12 IST" name="log" finished-at="2022-11-20T20:08:13 IST" duration-ms="1144" status="PASS">
          <reporter-output>
          </reporter-output>
        </test-method> <!-- log -->
        <test-method is-config="true" signature="sessionclose()[pri:0, instance:org.annotation.Adactin_TestNG_Annotation@2098d37d]" started-at="2022-11-20T20:08:13 IST" name="sessionclose" finished-at="2022-11-20T20:08:13 IST" duration-ms="7" status="PASS">
          <reporter-output>
          </reporter-output>
        </test-method> <!-- sessionclose -->
      </class> <!-- org.annotation.Adactin_TestNG_Annotation -->
    </test> <!-- Default test -->
  </suite> <!-- Default suite -->
</testng-results>
