<?xml version="1.0" encoding="UTF-8"?>
<!-- Generated by org.testng.reporters.JUnitXMLReporter -->
<testsuite ignored="0" hostname="Lenovo" failures="0" tests="5" name="Default test" time="62.954" errors="0" timestamp="2022-11-20T20:08:13 IST">
  <testcase classname="org.annotation.Adactin_TestNG_Annotation" name="signinadactin" time="8.494"/>
  <testcase classname="org.annotation.Adactin_TestNG_Annotation" name="selecthotel" time="5.799"/>
  <testcase classname="org.annotation.Adactin_TestNG_Annotation" name="bookhotel" time="2.431"/>
  <testcase classname="org.annotation.Adactin_TestNG_Annotation" name="liteneary" time="1.682"/>
  <testcase classname="org.annotation.Adactin_TestNG_Annotation" name="log" time="1.144"/>
</testsuite> <!-- Default test -->
