<?xml version="1.0" encoding="UTF-8"?>
<!-- Generated by org.testng.reporters.JUnitXMLReporter -->
<testsuite ignored="0" hostname="Lenovo" failures="1" tests="5" name="Test" time="1.938" errors="0" timestamp="2022-11-20T13:12:33 IST">
  <testcase classname="org.annotation.Retryanalyzer_Runner" name="colour" time="1.003">
    <skipped/>
  </testcase> <!-- colour -->
  <testcase classname="org.annotation.Retryanalyzer_Runner" name="colour" time="0.019">
    <skipped/>
  </testcase> <!-- colour -->
  <testcase classname="org.annotation.Retryanalyzer_Runner" name="colour" time="0.027">
    <skipped/>
  </testcase> <!-- colour -->
  <testcase classname="org.annotation.Retryanalyzer_Runner" name="colour" time="0.007">
    <failure type="java.lang.AssertionError" message="expected [Dark blue] but found [Sky blue]">
      <![CDATA[java.lang.AssertionError: expected [Dark blue] but found [Sky blue]
at org.annotation.Retryanalyzer_Runner.colour(Retryanalyzer_Runner.java:19)
at java.base/java.util.ArrayList.forEach(ArrayList.java:1511)
... Removed 31 stack frames]]>
    </failure>
  </testcase> <!-- colour -->
  <testcase classname="org.annotation.Retryanalyzer_Runner" name="season" time="0.009"/>
</testsuite> <!-- Test -->
